2025-11-06 19:31:02 | INFO | Conectado ao MongoDB -> host: resumai.hlueghe.mongodb.net/ | db: ResumAI | coleção: curriculos
2025-11-06 19:31:02 | INFO | [ACCOUNTANT] Encontrados 118 PDF(s). Iniciando extração...
2025-11-06 19:31:22 | INFO | [ACCOUNTANT] Extração concluída. Válidos acumulados: 118.
2025-11-06 19:31:22 | INFO | [ADVOCATE] Encontrados 118 PDF(s). Iniciando extração...
2025-11-06 19:31:43 | INFO | [ADVOCATE] Extração concluída. Válidos acumulados: 236.
2025-11-06 19:31:43 | INFO | [AGRICULTURE] Encontrados 63 PDF(s). Iniciando extração...
2025-11-06 19:31:54 | INFO | [AGRICULTURE] Extração concluída. Válidos acumulados: 299.
2025-11-06 19:31:54 | INFO | [APPAREL] Encontrados 97 PDF(s). Iniciando extração...
2025-11-06 19:32:21 | INFO | [APPAREL] Extração concluída. Válidos acumulados: 396.
2025-11-06 19:32:21 | INFO | [ARTS] Encontrados 103 PDF(s). Iniciando extração...
2025-11-06 19:32:51 | INFO | [ARTS] Extração concluída. Válidos acumulados: 499.
2025-11-06 19:32:51 | INFO | [AUTOMOBILE] Encontrados 36 PDF(s). Iniciando extração...
2025-11-06 19:32:57 | INFO | [AUTOMOBILE] Extração concluída. Válidos acumulados: 535.
2025-11-06 19:32:57 | INFO | [AVIATION] Encontrados 117 PDF(s). Iniciando extração...
2025-11-06 19:33:17 | INFO | [AVIATION] Extração concluída. Válidos acumulados: 652.
2025-11-06 19:33:17 | INFO | [BANKING] Encontrados 115 PDF(s). Iniciando extração...
2025-11-06 19:33:35 | INFO | [BANKING] Extração concluída. Válidos acumulados: 767.
2025-11-06 19:33:35 | INFO | [BPO] Encontrados 22 PDF(s). Iniciando extração...
2025-11-06 19:33:40 | INFO | [BPO] Extração concluída. Válidos acumulados: 789.
2025-11-06 19:33:40 | INFO | [BUSINESS-DEVELOPMENT] Encontrados 120 PDF(s). Iniciando extração...
2025-11-06 19:33:42 | WARNING | Nenhum texto extraído (possível PDF escaneado): 'C:\Users\gpaula\OneDrive - Spartan do Brasil Produtos Químicos Ltda\Documentos\Faculdade\PI 6\dataset1\data\data\BUSINESS-DEVELOPMENT\12632728.pdf'
2025-11-06 19:34:00 | INFO | [BUSINESS-DEVELOPMENT] Extração concluída. Válidos acumulados: 909.
2025-11-06 19:34:00 | INFO | [CHEF] Encontrados 118 PDF(s). Iniciando extração...
2025-11-06 19:34:20 | INFO | [CHEF] Extração concluída. Válidos acumulados: 1027.
2025-11-06 19:34:20 | INFO | [CONSTRUCTION] Encontrados 112 PDF(s). Iniciando extração...
2025-11-06 19:34:40 | INFO | [CONSTRUCTION] Extração concluída. Válidos acumulados: 1139.
2025-11-06 19:34:40 | INFO | [CONSULTANT] Encontrados 115 PDF(s). Iniciando extração...
2025-11-06 19:35:01 | INFO | [CONSULTANT] Extração concluída. Válidos acumulados: 1254.
2025-11-06 19:35:01 | INFO | [DESIGNER] Encontrados 107 PDF(s). Iniciando extração...
2025-11-06 19:35:17 | INFO | [DESIGNER] Extração concluída. Válidos acumulados: 1361.
2025-11-06 19:35:17 | INFO | [DIGITAL-MEDIA] Encontrados 96 PDF(s). Iniciando extração...
2025-11-06 19:35:33 | INFO | [DIGITAL-MEDIA] Extração concluída. Válidos acumulados: 1457.
2025-11-06 19:35:33 | INFO | [ENGINEERING] Encontrados 118 PDF(s). Iniciando extração...
2025-11-06 19:35:53 | INFO | [ENGINEERING] Extração concluída. Válidos acumulados: 1575.
2025-11-06 19:35:53 | INFO | [FINANCE] Encontrados 118 PDF(s). Iniciando extração...
2025-11-06 19:36:13 | INFO | [FINANCE] Extração concluída. Válidos acumulados: 1693.
2025-11-06 19:36:13 | INFO | [FITNESS] Encontrados 117 PDF(s). Iniciando extração...
2025-11-06 19:36:45 | INFO | [FITNESS] Extração concluída. Válidos acumulados: 1810.
2025-11-06 19:36:45 | INFO | [HEALTHCARE] Encontrados 115 PDF(s). Iniciando extração...
2025-11-06 19:37:09 | INFO | [HEALTHCARE] Extração concluída. Válidos acumulados: 1925.
2025-11-06 19:37:09 | INFO | [HR] Encontrados 110 PDF(s). Iniciando extração...
2025-11-06 19:37:44 | INFO | [HR] Extração concluída. Válidos acumulados: 2035.
2025-11-06 19:37:44 | INFO | [INFORMATION-TECHNOLOGY] Encontrados 120 PDF(s). Iniciando extração...
2025-11-06 19:38:08 | INFO | [INFORMATION-TECHNOLOGY] Extração concluída. Válidos acumulados: 2155.
2025-11-06 19:38:08 | INFO | [PUBLIC-RELATIONS] Encontrados 111 PDF(s). Iniciando extração...
2025-11-06 19:38:28 | INFO | [PUBLIC-RELATIONS] Extração concluída. Válidos acumulados: 2266.
2025-11-06 19:38:28 | INFO | [SALES] Encontrados 116 PDF(s). Iniciando extração...
2025-11-06 19:38:45 | INFO | [SALES] Extração concluída. Válidos acumulados: 2382.
2025-11-06 19:38:45 | INFO | [TEACHER] Encontrados 102 PDF(s). Iniciando extração...
2025-11-06 19:39:00 | INFO | [TEACHER] Extração concluída. Válidos acumulados: 2484.
2025-11-06 19:39:01 | INFO | Dataset salvo em: C:\Users\gpaula\OneDrive - Spartan do Brasil Produtos Químicos Ltda\Documentos\Faculdade\PI 6\P.I.6\app\resumes_dataset.json
2025-11-06 19:39:01 | INFO | Total de PDFs processados: 2484 | Registros válidos: 2484 | Corrompidos: 0
